=================================================================
CROSS-STRATUM GENERALISATION — CLASSICAL ML
=================================================================
WARNING: Working tree is not clean (uncommitted changes exist). The manifest will record git_is_clean=False. Commit your changes before running production scripts.

--------------------------------------------------
  Training stratum: I
--------------------------------------------------
    Loading cached models from outputs\models\classical_ml\stratum_i ...
  Pipeline loaded <- outputs\features\stratum_i_pipeline.joblib

    Train=I -> Test=I [diagonal]
    LR: F1=0.9793  ROC-AUC=1.0000  FPR@95TPR=0.0000
    SVM: F1=0.9948  ROC-AUC=1.0000  FPR@95TPR=0.0000
    RF: F1=0.9528  ROC-AUC=0.9997  FPR@95TPR=0.0018
    XGB: F1=0.9905  ROC-AUC=1.0000  FPR@95TPR=0.0000
    LGB: F1=0.9933  ROC-AUC=1.0000  FPR@95TPR=0.0000

    Train=I -> Test=II
    LR: F1=0.4045  ROC-AUC=0.8023  FPR@95TPR=0.9205
    SVM: F1=0.7422  ROC-AUC=0.8179  FPR@95TPR=0.9494
    RF: F1=0.2607  ROC-AUC=0.7529  FPR@95TPR=0.8795
    XGB: F1=0.4229  ROC-AUC=0.2831  FPR@95TPR=0.9663
    LGB: F1=0.4058  ROC-AUC=0.3202  FPR@95TPR=0.9590

    Train=I -> Test=III
    LR: F1=0.5719  ROC-AUC=0.9181  FPR@95TPR=0.6535
    SVM: F1=0.7099  ROC-AUC=0.9087  FPR@95TPR=0.6970
    RF: F1=0.3656  ROC-AUC=0.8844  FPR@95TPR=0.6747
    XGB: F1=0.5898  ROC-AUC=0.7645  FPR@95TPR=0.7101
    LGB: F1=0.5954  ROC-AUC=0.8010  FPR@95TPR=0.7172

--------------------------------------------------
  Training stratum: II
--------------------------------------------------
  Pipeline loaded <- outputs\features\stratum_ii_pipeline.joblib
    Re-fitting models on Stratum II train (5,492 rows, spw=0.5)...
      LR: 1.3s
      SVM: 0.5s
      RF: 0.4s
      XGB: 114.3s
      LGB: 46.4s
      Models saved -> outputs\models\classical_ml\stratum_ii

    Train=II -> Test=I
    LR: F1=0.0824  ROC-AUC=0.6757  FPR@95TPR=0.8068
    SVM: F1=0.0953  ROC-AUC=0.7245  FPR@95TPR=0.7077
    RF: F1=0.2249  ROC-AUC=0.3875  FPR@95TPR=0.8462
    XGB: F1=0.3205  ROC-AUC=0.5062  FPR@95TPR=0.8597
    LGB: F1=0.2655  ROC-AUC=0.4946  FPR@95TPR=0.8487

    Train=II -> Test=II [diagonal]
    LR: F1=0.9981  ROC-AUC=1.0000  FPR@95TPR=0.0000
    SVM: F1=0.9991  ROC-AUC=1.0000  FPR@95TPR=0.0000
    RF: F1=0.9907  ROC-AUC=0.9992  FPR@95TPR=0.0024
    XGB: F1=0.9944  ROC-AUC=0.9998  FPR@95TPR=0.0000
    LGB: F1=0.9944  ROC-AUC=0.9998  FPR@95TPR=0.0024

    Train=II -> Test=III
    LR: F1=0.5026  ROC-AUC=0.9333  FPR@95TPR=0.2343
    SVM: F1=0.4887  ROC-AUC=0.9358  FPR@95TPR=0.2242
    RF: F1=0.5482  ROC-AUC=0.9268  FPR@95TPR=0.2455
    XGB: F1=0.4883  ROC-AUC=0.8974  FPR@95TPR=0.3414
    LGB: F1=0.5077  ROC-AUC=0.8939  FPR@95TPR=0.3313

--------------------------------------------------
  Training stratum: III
--------------------------------------------------
  Pipeline loaded <- outputs\features\stratum_iii_pipeline.joblib
    Re-fitting models on Stratum III train (9,349 rows, spw=1.0)...
      LR: 2.0s
      SVM: 1.1s
      RF: 1.3s
      XGB: 275.7s
      LGB: 125.6s
      Models saved -> outputs\models\classical_ml\stratum_iii

    Train=III -> Test=I
    LR: F1=0.7666  ROC-AUC=0.8182  FPR@95TPR=0.9959
    SVM: F1=0.7466  ROC-AUC=0.8164  FPR@95TPR=0.9958
    RF: F1=0.5079  ROC-AUC=0.7242  FPR@95TPR=0.7562
    XGB: F1=0.4277  ROC-AUC=0.5146  FPR@95TPR=0.9047
    LGB: F1=0.4499  ROC-AUC=0.6124  FPR@95TPR=0.8169

    Train=III -> Test=II
    LR: F1=0.7480  ROC-AUC=0.9804  FPR@95TPR=0.0530
    SVM: F1=0.7713  ROC-AUC=0.9805  FPR@95TPR=0.0554
    RF: F1=0.6778  ROC-AUC=0.9713  FPR@95TPR=0.1157
    XGB: F1=0.8076  ROC-AUC=0.9571  FPR@95TPR=0.1783
    LGB: F1=0.8292  ROC-AUC=0.9697  FPR@95TPR=0.1181

    Train=III -> Test=III [diagonal]
    LR: F1=0.9895  ROC-AUC=0.9993  FPR@95TPR=0.0030
    SVM: F1=0.9900  ROC-AUC=0.9994  FPR@95TPR=0.0020
    RF: F1=0.9681  ROC-AUC=0.9968  FPR@95TPR=0.0202
    XGB: F1=0.9855  ROC-AUC=0.9992  FPR@95TPR=0.0010
    LGB: F1=0.9890  ROC-AUC=0.9995  FPR@95TPR=0.0000
  Manifest written -> outputs\manifests\cross_stratum_classical_20260502_012707.json

=================================================================
Results -> outputs\results\classical_ml\cross_stratum_matrix.csv

F1-MACRO SUMMARY (rows=train, cols=test):

  LR:
                   Test I    Test II   Test III
  Train I     :     0.9793     0.4045     0.5719
  Train II    :     0.0824     0.9981     0.5026
  Train III   :     0.7666     0.7480     0.9895

  SVM:
                   Test I    Test II   Test III
  Train I     :     0.9948     0.7422     0.7099
  Train II    :     0.0953     0.9991     0.4887
  Train III   :     0.7466     0.7713     0.9900

  RF:
                   Test I    Test II   Test III
  Train I     :     0.9528     0.2607     0.3656
  Train II    :     0.2249     0.9907     0.5482
  Train III   :     0.5079     0.6778     0.9681

  XGB:
                   Test I    Test II   Test III
  Train I     :     0.9905     0.4229     0.5898
  Train II    :     0.3205     0.9944     0.4883
  Train III   :     0.4277     0.8076     0.9855

  LGB:
                   Test I    Test II   Test III
  Train I     :     0.9933     0.4058     0.5954
  Train II    :     0.2655     0.9944     0.5077
  Train III   :     0.4499     0.8292     0.9890
=================================================================
DONE.
=================================================================
